This file contains any messages produced by compilers while
running configure, to aid debugging if configure makes a mistake.

It was created by configure, which was
generated by GNU Autoconf 2.69.  Invocation command line was

  $ ./configure --enable-Phalcon

## --------- ##
## Platform. ##
## --------- ##

hostname = web-server
uname -m = i686
uname -r = 3.11.0-15-generic
uname -s = Linux
uname -v = #23-Ubuntu SMP Mon Dec 9 18:16:27 UTC 2013

/usr/bin/uname -p = unknown
/bin/uname -X     = unknown

/bin/arch              = unknown
/usr/bin/arch -k       = unknown
/usr/convex/getsysinfo = unknown
/usr/bin/hostinfo      = unknown
/bin/machine           = unknown
/usr/bin/oslevel       = unknown
/bin/universe          = unknown

PATH: /home/zaets28rus/.phpenv/shims
PATH: /home/zaets28rus/.phpenv/bin
PATH: /usr/local/sbin
PATH: /usr/local/bin
PATH: /usr/sbin
PATH: /usr/bin
PATH: /sbin
PATH: /bin
PATH: /usr/games
PATH: /usr/local/games


## ----------- ##
## Core tests. ##
## ----------- ##

configure:2123: checking for grep that handles long lines and -e
configure:2181: result: /bin/grep
configure:2186: checking for egrep
configure:2248: result: /bin/grep -E
configure:2253: checking for a sed that does not truncate output
configure:2317: result: /bin/sed
configure:2509: checking for C compiler version
configure:2518: gcc --version >&5
gcc (Ubuntu/Linaro 4.8.1-10ubuntu9) 4.8.1
Copyright (C) 2013 Free Software Foundation, Inc.
This is free software; see the source for copying conditions.  There is NO
warranty; not even for MERCHANTABILITY or FITNESS FOR A PARTICULAR PURPOSE.

configure:2529: $? = 0
configure:2518: gcc -v >&5
Using built-in specs.
COLLECT_GCC=gcc
COLLECT_LTO_WRAPPER=/usr/lib/gcc/i686-linux-gnu/4.8/lto-wrapper
Target: i686-linux-gnu
Configured with: ../src/configure -v --with-pkgversion='Ubuntu/Linaro 4.8.1-10ubuntu9' --with-bugurl=file:///usr/share/doc/gcc-4.8/README.Bugs --enable-languages=c,c++,java,go,d,fortran,objc,obj-c++ --prefix=/usr --program-suffix=-4.8 --enable-shared --enable-linker-build-id --libexecdir=/usr/lib --without-included-gettext --enable-threads=posix --with-gxx-include-dir=/usr/include/c++/4.8 --libdir=/usr/lib --enable-nls --with-sysroot=/ --enable-clocale=gnu --enable-libstdcxx-debug --enable-libstdcxx-time=yes --enable-gnu-unique-object --enable-plugin --with-system-zlib --disable-browser-plugin --enable-java-awt=gtk --enable-gtk-cairo --with-java-home=/usr/lib/jvm/java-1.5.0-gcj-4.8-i386/jre --enable-java-home --with-jvm-root-dir=/usr/lib/jvm/java-1.5.0-gcj-4.8-i386 --with-jvm-jar-dir=/usr/lib/jvm-exports/java-1.5.0-gcj-4.8-i386 --with-arch-directory=i386 --with-ecj-jar=/usr/share/java/eclipse-ecj.jar --enable-objc-gc --enable-targets=all --enable-multiarch --disable-werror --with-arch-32=i686 --with-multilib-list=m32,m64,mx32 --with-tune=generic --enable-checking=release --build=i686-linux-gnu --host=i686-linux-gnu --target=i686-linux-gnu
Thread model: posix
gcc version 4.8.1 (Ubuntu/Linaro 4.8.1-10ubuntu9) 
configure:2529: $? = 0
configure:2518: gcc -V >&5
gcc: error: unrecognized command line option '-V'
gcc: fatal error: no input files
compilation terminated.
configure:2529: $? = 4
configure:2518: gcc -qversion >&5
gcc: error: unrecognized command line option '-qversion'
gcc: fatal error: no input files
compilation terminated.
configure:2529: $? = 4
configure:2549: checking whether the C compiler works
configure:2571: gcc -O2 -fvisibility=hidden -Wparentheses   conftest.c  >&5
configure:2575: $? = 0
configure:2623: result: yes
configure:2626: checking for C compiler default output file name
configure:2628: result: a.out
configure:2634: checking for suffix of executables
configure:2641: gcc -o conftest -O2 -fvisibility=hidden -Wparentheses   conftest.c  >&5
configure:2645: $? = 0
configure:2667: result: 
configure:2689: checking whether we are cross compiling
configure:2697: gcc -o conftest -O2 -fvisibility=hidden -Wparentheses   conftest.c  >&5
configure:2701: $? = 0
configure:2708: ./conftest
configure:2712: $? = 0
configure:2727: result: no
configure:2732: checking for suffix of object files
configure:2754: gcc -c -O2 -fvisibility=hidden -Wparentheses  conftest.c >&5
configure:2758: $? = 0
configure:2779: result: o
configure:2783: checking whether we are using the GNU C compiler
configure:2802: gcc -c -O2 -fvisibility=hidden -Wparentheses  conftest.c >&5
configure:2802: $? = 0
configure:2811: result: yes
configure:2820: checking whether gcc accepts -g
configure:2840: gcc -c -g  conftest.c >&5
configure:2840: $? = 0
configure:2881: result: yes
configure:2898: checking for gcc option to accept ISO C89
configure:2961: gcc  -c -O2 -fvisibility=hidden -Wparentheses  conftest.c >&5
configure:2961: $? = 0
configure:2974: result: none needed
configure:3000: checking how to run the C preprocessor
configure:3031: gcc -E  conftest.c
configure:3031: $? = 0
configure:3045: gcc -E  conftest.c
conftest.c:9:28: fatal error: ac_nonexistent.h: No such file or directory
 #include <ac_nonexistent.h>
                            ^
compilation terminated.
configure:3045: $? = 1
configure: failed program was:
| /* confdefs.h */
| #define PACKAGE_NAME ""
| #define PACKAGE_TARNAME ""
| #define PACKAGE_VERSION ""
| #define PACKAGE_STRING ""
| #define PACKAGE_BUGREPORT ""
| #define PACKAGE_URL ""
| /* end confdefs.h.  */
| #include <ac_nonexistent.h>
configure:3070: result: gcc -E
configure:3090: gcc -E  conftest.c
configure:3090: $? = 0
configure:3104: gcc -E  conftest.c
conftest.c:9:28: fatal error: ac_nonexistent.h: No such file or directory
 #include <ac_nonexistent.h>
                            ^
compilation terminated.
configure:3104: $? = 1
configure: failed program was:
| /* confdefs.h */
| #define PACKAGE_NAME ""
| #define PACKAGE_TARNAME ""
| #define PACKAGE_VERSION ""
| #define PACKAGE_STRING ""
| #define PACKAGE_BUGREPORT ""
| #define PACKAGE_URL ""
| /* end confdefs.h.  */
| #include <ac_nonexistent.h>
configure:3135: checking for icc
configure:3144: result: no
configure:3158: checking for suncc
configure:3167: result: no
configure:3182: checking whether gcc and cc understand -c and -o together
configure:3213: gcc -c conftest.c -o conftest2.o >&5
configure:3217: $? = 0
configure:3223: gcc -c conftest.c -o conftest2.o >&5
configure:3227: $? = 0
configure:3238: cc -c conftest.c >&5
configure:3242: $? = 0
configure:3250: cc -c conftest.c -o conftest2.o >&5
configure:3254: $? = 0
configure:3260: cc -c conftest.c -o conftest2.o >&5
configure:3264: $? = 0
configure:3282: result: yes
configure:3296: checking for system library directory
configure:3311: result: lib
configure:3318: checking if compiler supports -R
configure:3337: gcc -o conftest -O2 -fvisibility=hidden -Wparentheses   conftest.c -R /usr/lib  >&5
gcc: error: unrecognized command line option '-R'
configure:3337: $? = 1
configure: failed program was:
| /* confdefs.h */
| #define PACKAGE_NAME ""
| #define PACKAGE_TARNAME ""
| #define PACKAGE_VERSION ""
| #define PACKAGE_STRING ""
| #define PACKAGE_BUGREPORT ""
| #define PACKAGE_URL ""
| /* end confdefs.h.  */
| 
| int
| main ()
| {
| 
|   ;
|   return 0;
| }
configure:3347: result: no
configure:3352: checking if compiler supports -Wl,-rpath,
configure:3371: gcc -o conftest -O2 -fvisibility=hidden -Wparentheses   conftest.c -Wl,-rpath,/usr/lib  >&5
configure:3371: $? = 0
configure:3381: result: yes
configure:3426: checking build system type
configure:3440: result: i686-pc-linux-gnu
configure:3460: checking host system type
configure:3473: result: i686-pc-linux-gnu
configure:3493: checking target system type
configure:3506: result: i686-pc-linux-gnu
configure:3609: checking for PHP prefix
configure:3611: result: /usr
configure:3613: checking for PHP includes
configure:3615: result: -I/usr/include/php5 -I/usr/include/php5/main -I/usr/include/php5/TSRM -I/usr/include/php5/Zend -I/usr/include/php5/ext -I/usr/include/php5/ext/date/lib -D_LARGEFILE_SOURCE -D_FILE_OFFSET_BITS=64
configure:3617: checking for PHP extension directory
configure:3619: result: /usr/lib/php5/20121212
configure:3621: checking for PHP installed headers prefix
configure:3623: result: /usr/include/php5
configure:3626: checking if debug is enabled
configure:3652: result: no
configure:3655: checking if zts is enabled
configure:3681: result: no
configure:3752: checking for re2c
configure:3768: found /usr/bin/re2c
configure:3779: result: re2c
configure:3788: checking for re2c version
configure:3802: result: 0.13.5 (ok)
configure:3821: checking for gawk
configure:3838: found /usr/bin/gawk
configure:3849: result: gawk
configure:3892: checking whether to enable phalcon
configure:3931: result: yes, shared
configure:4239: checking whether HAVE_BUNDLED_PCRE is declared
configure:4239: gcc -c -O2 -fvisibility=hidden -Wparentheses  -I/usr/include/php5 -I/usr/include/php5/main -I/usr/include/php5/TSRM -I/usr/include/php5/Zend -I/usr/include/php5/ext -I/usr/include/php5/ext/date/lib -D_LARGEFILE_SOURCE -D_FILE_OFFSET_BITS=64 conftest.c >&5
conftest.c: In function 'main':
conftest.c:21:10: error: 'HAVE_BUNDLED_PCRE' undeclared (first use in this function)
   (void) HAVE_BUNDLED_PCRE;
          ^
conftest.c:21:10: note: each undeclared identifier is reported only once for each function it appears in
configure:4239: $? = 1
configure: failed program was:
| /* confdefs.h */
| #define PACKAGE_NAME ""
| #define PACKAGE_TARNAME ""
| #define PACKAGE_VERSION ""
| #define PACKAGE_STRING ""
| #define PACKAGE_BUGREPORT ""
| #define PACKAGE_URL ""
| #define HAVE_PHALCON 1
| #define COMPILE_DL_PHALCON 1
| /* end confdefs.h.  */
| #include "php_config.h"
| 
| 
| int
| main ()
| {
| #ifndef HAVE_BUNDLED_PCRE
| #ifdef __cplusplus
|   (void) HAVE_BUNDLED_PCRE;
| #else
|   (void) HAVE_BUNDLED_PCRE;
| #endif
| #endif
| 
|   ;
|   return 0;
| }
configure:4239: result: no
configure:4285: checking whether HAVE_JSON is declared
configure:4285: gcc -c -O2 -fvisibility=hidden -Wparentheses  -I/usr/include/php5 -I/usr/include/php5/main -I/usr/include/php5/TSRM -I/usr/include/php5/Zend -I/usr/include/php5/ext -I/usr/include/php5/ext/date/lib -D_LARGEFILE_SOURCE -D_FILE_OFFSET_BITS=64 conftest.c >&5
conftest.c: In function 'main':
conftest.c:21:10: error: 'HAVE_JSON' undeclared (first use in this function)
   (void) HAVE_JSON;
          ^
conftest.c:21:10: note: each undeclared identifier is reported only once for each function it appears in
configure:4285: $? = 1
configure: failed program was:
| /* confdefs.h */
| #define PACKAGE_NAME ""
| #define PACKAGE_TARNAME ""
| #define PACKAGE_VERSION ""
| #define PACKAGE_STRING ""
| #define PACKAGE_BUGREPORT ""
| #define PACKAGE_URL ""
| #define HAVE_PHALCON 1
| #define COMPILE_DL_PHALCON 1
| /* end confdefs.h.  */
| #include "php_config.h"
| 
| 
| int
| main ()
| {
| #ifndef HAVE_JSON
| #ifdef __cplusplus
|   (void) HAVE_JSON;
| #else
|   (void) HAVE_JSON;
| #endif
| #endif
| 
|   ;
|   return 0;
| }
configure:4285: result: no
configure:4390: checking how to print strings
configure:4417: result: printf
configure:4438: checking for a sed that does not truncate output
configure:4502: result: /bin/sed
configure:4520: checking for fgrep
configure:4582: result: /bin/grep -F
configure:4617: checking for ld used by gcc
configure:4684: result: /usr/bin/ld
configure:4691: checking if the linker (/usr/bin/ld) is GNU ld
configure:4706: result: yes
configure:4718: checking for BSD- or MS-compatible name lister (nm)
configure:4767: result: /usr/bin/nm -B
configure:4897: checking the name lister (/usr/bin/nm -B) interface
configure:4904: gcc -c -O2 -fvisibility=hidden -Wparentheses  conftest.c >&5
configure:4907: /usr/bin/nm -B "conftest.o"
configure:4910: output
00000000 B some_variable
configure:4917: result: BSD nm
configure:4920: checking whether ln -s works
configure:4927: result: no, using cp -pR
configure:4932: checking the maximum length of command line arguments
configure:5063: result: 1572864
configure:5080: checking whether the shell understands some XSI constructs
configure:5090: result: yes
configure:5094: checking whether the shell understands "+="
configure:5100: result: yes
configure:5135: checking how to convert i686-pc-linux-gnu file names to i686-pc-linux-gnu format
configure:5175: result: func_convert_file_noop
configure:5182: checking how to convert i686-pc-linux-gnu file names to toolchain format
configure:5202: result: func_convert_file_noop
configure:5209: checking for /usr/bin/ld option to reload object files
configure:5216: result: -r
configure:5290: checking for objdump
configure:5306: found /usr/bin/objdump
configure:5317: result: objdump
configure:5349: checking how to recognize dependent libraries
configure:5547: result: pass_all
configure:5632: checking for dlltool
configure:5662: result: no
configure:5692: checking how to associate runtime and link libraries
configure:5719: result: printf %s\n
configure:5779: checking for ar
configure:5795: found /usr/bin/ar
configure:5806: result: ar
configure:5843: checking for archiver @FILE support
configure:5860: gcc -c -O2 -fvisibility=hidden -Wparentheses  conftest.c >&5
configure:5860: $? = 0
configure:5863: ar cru libconftest.a @conftest.lst >&5
configure:5866: $? = 0
configure:5871: ar cru libconftest.a @conftest.lst >&5
ar: conftest.o: No such file or directory
configure:5874: $? = 1
configure:5886: result: @
configure:5944: checking for strip
configure:5960: found /usr/bin/strip
configure:5971: result: strip
configure:6043: checking for ranlib
configure:6059: found /usr/bin/ranlib
configure:6070: result: ranlib
configure:6147: checking for gawk
configure:6174: result: gawk
configure:6214: checking command to parse /usr/bin/nm -B output from gcc object
configure:6334: gcc -c -O2 -fvisibility=hidden -Wparentheses  conftest.c >&5
configure:6337: $? = 0
configure:6341: /usr/bin/nm -B conftest.o \| sed -n -e 's/^.*[ ]\([ABCDGIRSTW][ABCDGIRSTW]*\)[ ][ ]*\([_A-Za-z][_A-Za-z0-9]*\)$/\1 \2 \2/p' | sed '/ __gnu_lto/d' \> conftest.nm
configure:6344: $? = 0
configure:6410: gcc -o conftest -O2 -fvisibility=hidden -Wparentheses   conftest.c conftstm.o >&5
configure:6413: $? = 0
configure:6451: result: ok
configure:6488: checking for sysroot
configure:6518: result: no
configure:6781: checking for mt
configure:6797: found /bin/mt
configure:6808: result: mt
configure:6831: checking if mt is a manifest tool
configure:6837: mt '-?'
configure:6845: result: no
configure:7482: checking for ANSI C header files
configure:7502: gcc -c -O2 -fvisibility=hidden -Wparentheses  conftest.c >&5
configure:7502: $? = 0
configure:7575: gcc -o conftest -O2 -fvisibility=hidden -Wparentheses   conftest.c  >&5
configure:7575: $? = 0
configure:7575: ./conftest
configure:7575: $? = 0
configure:7586: result: yes
configure:7599: checking for sys/types.h
configure:7599: gcc -c -O2 -fvisibility=hidden -Wparentheses  conftest.c >&5
configure:7599: $? = 0
configure:7599: result: yes
configure:7599: checking for sys/stat.h
configure:7599: gcc -c -O2 -fvisibility=hidden -Wparentheses  conftest.c >&5
configure:7599: $? = 0
configure:7599: result: yes
configure:7599: checking for stdlib.h
configure:7599: gcc -c -O2 -fvisibility=hidden -Wparentheses  conftest.c >&5
configure:7599: $? = 0
configure:7599: result: yes
configure:7599: checking for string.h
configure:7599: gcc -c -O2 -fvisibility=hidden -Wparentheses  conftest.c >&5
configure:7599: $? = 0
configure:7599: result: yes
configure:7599: checking for memory.h
configure:7599: gcc -c -O2 -fvisibility=hidden -Wparentheses  conftest.c >&5
configure:7599: $? = 0
configure:7599: result: yes
configure:7599: checking for strings.h
configure:7599: gcc -c -O2 -fvisibility=hidden -Wparentheses  conftest.c >&5
configure:7599: $? = 0
configure:7599: result: yes
configure:7599: checking for inttypes.h
configure:7599: gcc -c -O2 -fvisibility=hidden -Wparentheses  conftest.c >&5
configure:7599: $? = 0
configure:7599: result: yes
configure:7599: checking for stdint.h
configure:7599: gcc -c -O2 -fvisibility=hidden -Wparentheses  conftest.c >&5
configure:7599: $? = 0
configure:7599: result: yes
configure:7599: checking for unistd.h
configure:7599: gcc -c -O2 -fvisibility=hidden -Wparentheses  conftest.c >&5
configure:7599: $? = 0
configure:7599: result: yes
configure:7613: checking for dlfcn.h
configure:7613: gcc -c -O2 -fvisibility=hidden -Wparentheses  conftest.c >&5
configure:7613: $? = 0
configure:7613: result: yes
configure:7819: checking for objdir
configure:7834: result: .libs
configure:8105: checking if gcc supports -fno-rtti -fno-exceptions
configure:8123: gcc -c -O2 -fvisibility=hidden -Wparentheses  -fno-rtti -fno-exceptions conftest.c >&5
cc1: warning: command line option '-fno-rtti' is valid for C++/ObjC++ but not for C [enabled by default]
configure:8127: $? = 0
configure:8140: result: no
configure:8467: checking for gcc option to produce PIC
configure:8474: result: -fPIC -DPIC
configure:8482: checking if gcc PIC flag -fPIC -DPIC works
configure:8500: gcc -c -O2 -fvisibility=hidden -Wparentheses  -fPIC -DPIC -DPIC conftest.c >&5
configure:8504: $? = 0
configure:8517: result: yes
configure:8546: checking if gcc static flag -static works
configure:8574: result: yes
configure:8589: checking if gcc supports -c -o file.o
configure:8610: gcc -c -O2 -fvisibility=hidden -Wparentheses  -o out/conftest2.o conftest.c >&5
configure:8614: $? = 0
configure:8636: result: yes
configure:8644: checking if gcc supports -c -o file.o
configure:8691: result: yes
configure:8724: checking whether the gcc linker (/usr/bin/ld) supports shared libraries
configure:9881: result: yes
configure:9918: checking whether -lc should be explicitly linked in
configure:9926: gcc -c -O2 -fvisibility=hidden -Wparentheses  conftest.c >&5
configure:9929: $? = 0
configure:9944: gcc -shared  -fPIC -DPIC conftest.o  -v -Wl,-soname -Wl,conftest -o conftest 2\>\&1 \| /bin/grep  -lc  \>/dev/null 2\>\&1
configure:9947: $? = 0
configure:9961: result: no
configure:10121: checking dynamic linker characteristics
configure:10621: gcc -o conftest -O2 -fvisibility=hidden -Wparentheses   -Wl,-rpath -Wl,/foo conftest.c  >&5
configure:10621: $? = 0
configure:10855: result: GNU/Linux ld.so
configure:10962: checking how to hardcode library paths into programs
configure:10987: result: immediate
configure:11527: checking whether stripping libraries is possible
configure:11532: result: yes
configure:11567: checking if libtool supports shared libraries
configure:11569: result: yes
configure:11572: checking whether to build shared libraries
configure:11593: result: yes
configure:11596: checking whether to build static libraries
configure:11600: result: no
configure:11876: creating ./config.status

## ---------------------- ##
## Running config.status. ##
## ---------------------- ##

This file was extended by config.status, which was
generated by GNU Autoconf 2.69.  Invocation command line was

  CONFIG_FILES    = 
  CONFIG_HEADERS  = 
  CONFIG_LINKS    = 
  CONFIG_COMMANDS = 
  $ ./config.status 

on web-server

config.status:887: creating config.h
config.status:991: executing libtool commands
configure:13699: WARNING: unrecognized options: --enable-Phalcon

## ---------------- ##
## Cache variables. ##
## ---------------- ##

ac_cv_build=i686-pc-linux-gnu
ac_cv_c_compiler_gnu=yes
ac_cv_env_CC_set=set
ac_cv_env_CC_value=gcc
ac_cv_env_CFLAGS_set=set
ac_cv_env_CFLAGS_value='-O2 -fvisibility=hidden -Wparentheses'
ac_cv_env_CPPFLAGS_set=
ac_cv_env_CPPFLAGS_value=
ac_cv_env_CPP_set=
ac_cv_env_CPP_value=
ac_cv_env_LDFLAGS_set=
ac_cv_env_LDFLAGS_value=
ac_cv_env_LIBS_set=
ac_cv_env_LIBS_value=
ac_cv_env_build_alias_set=
ac_cv_env_build_alias_value=
ac_cv_env_host_alias_set=
ac_cv_env_host_alias_value=
ac_cv_env_target_alias_set=
ac_cv_env_target_alias_value=
ac_cv_have_decl_HAVE_BUNDLED_PCRE=no
ac_cv_have_decl_HAVE_JSON=no
ac_cv_header_dlfcn_h=yes
ac_cv_header_inttypes_h=yes
ac_cv_header_memory_h=yes
ac_cv_header_stdc=yes
ac_cv_header_stdint_h=yes
ac_cv_header_stdlib_h=yes
ac_cv_header_string_h=yes
ac_cv_header_strings_h=yes
ac_cv_header_sys_stat_h=yes
ac_cv_header_sys_types_h=yes
ac_cv_header_unistd_h=yes
ac_cv_host=i686-pc-linux-gnu
ac_cv_objext=o
ac_cv_path_EGREP='/bin/grep -E'
ac_cv_path_FGREP='/bin/grep -F'
ac_cv_path_GREP=/bin/grep
ac_cv_path_SED=/bin/sed
ac_cv_prog_AWK=gawk
ac_cv_prog_CPP='gcc -E'
ac_cv_prog_RE2C=re2c
ac_cv_prog_ac_ct_AR=ar
ac_cv_prog_ac_ct_MANIFEST_TOOL=mt
ac_cv_prog_ac_ct_OBJDUMP=objdump
ac_cv_prog_ac_ct_RANLIB=ranlib
ac_cv_prog_ac_ct_STRIP=strip
ac_cv_prog_cc_c89=
ac_cv_prog_cc_g=yes
ac_cv_prog_cc_gcc_c_o=yes
ac_cv_target=i686-pc-linux-gnu
lt_cv_ar_at_file=@
lt_cv_archive_cmds_need_lc=no
lt_cv_deplibs_check_method=pass_all
lt_cv_file_magic_cmd='$MAGIC_CMD'
lt_cv_file_magic_test_file=
lt_cv_ld_reload_flag=-r
lt_cv_nm_interface='BSD nm'
lt_cv_objdir=.libs
lt_cv_path_LD=/usr/bin/ld
lt_cv_path_NM='/usr/bin/nm -B'
lt_cv_path_mainfest_tool=no
lt_cv_prog_compiler_c_o=yes
lt_cv_prog_compiler_pic='-fPIC -DPIC'
lt_cv_prog_compiler_pic_works=yes
lt_cv_prog_compiler_rtti_exceptions=no
lt_cv_prog_compiler_static_works=yes
lt_cv_prog_gnu_ld=yes
lt_cv_sharedlib_from_linklib_cmd='printf %s\n'
lt_cv_shlibpath_overrides_runpath=no
lt_cv_sys_global_symbol_pipe='sed -n -e '\''s/^.*[	 ]\([ABCDGIRSTW][ABCDGIRSTW]*\)[	 ][	 ]*\([_A-Za-z][_A-Za-z0-9]*\)$/\1 \2 \2/p'\'' | sed '\''/ __gnu_lto/d'\'''
lt_cv_sys_global_symbol_to_c_name_address='sed -n -e '\''s/^: \([^ ]*\)[ ]*$/  {\"\1\", (void *) 0},/p'\'' -e '\''s/^[ABCDGIRSTW]* \([^ ]*\) \([^ ]*\)$/  {"\2", (void *) \&\2},/p'\'''
lt_cv_sys_global_symbol_to_c_name_address_lib_prefix='sed -n -e '\''s/^: \([^ ]*\)[ ]*$/  {\"\1\", (void *) 0},/p'\'' -e '\''s/^[ABCDGIRSTW]* \([^ ]*\) \(lib[^ ]*\)$/  {"\2", (void *) \&\2},/p'\'' -e '\''s/^[ABCDGIRSTW]* \([^ ]*\) \([^ ]*\)$/  {"lib\2", (void *) \&\2},/p'\'''
lt_cv_sys_global_symbol_to_cdecl='sed -n -e '\''s/^T .* \(.*\)$/extern int \1();/p'\'' -e '\''s/^[ABCDGIRSTW]* .* \(.*\)$/extern char \1;/p'\'''
lt_cv_sys_max_cmd_len=1572864
lt_cv_to_host_file_cmd=func_convert_file_noop
lt_cv_to_tool_file_cmd=func_convert_file_noop
php_cv_cc_dashr=no
php_cv_cc_rpath=yes
php_cv_re2c_version='0.13.5 (ok)'

## ----------------- ##
## Output variables. ##
## ----------------- ##

AR='ar'
AWK='gawk'
CC='gcc'
CFLAGS='-O2 -fvisibility=hidden -Wparentheses'
CONFIGURE_COMMAND=' '\''./configure'\''  '\''--enable-Phalcon'\'''
CONFIGURE_OPTIONS=' '\''--enable-Phalcon'\'''
CPP='gcc -E'
CPPFLAGS=' -DHAVE_CONFIG_H'
DEFS='-DHAVE_CONFIG_H'
DLLTOOL='false'
DSYMUTIL=''
DUMPBIN=''
ECHO_C=''
ECHO_N='-n'
ECHO_T=''
EGREP='/bin/grep -E'
EXEEXT=''
FGREP='/bin/grep -F'
GREP='/bin/grep'
LD='/usr/bin/ld'
LDFLAGS=''
LIBOBJS=''
LIBS=''
LIBTOOL='$(SHELL) $(top_builddir)/libtool'
LIPO=''
LN_S='cp -pR'
LTLIBOBJS=''
MANIFEST_TOOL=':'
NM='/usr/bin/nm -B'
NMEDIT=''
OBJDUMP='objdump'
OBJEXT='o'
OTOOL64=''
OTOOL=''
PACKAGE_BUGREPORT=''
PACKAGE_NAME=''
PACKAGE_STRING=''
PACKAGE_TARNAME=''
PACKAGE_URL=''
PACKAGE_VERSION=''
PATH_SEPARATOR=':'
RANLIB='ranlib'
RE2C='re2c'
SED='/bin/sed'
SHELL='/bin/bash'
SHLIB_DL_SUFFIX_NAME='so'
SHLIB_SUFFIX_NAME='so'
STRIP='strip'
ac_ct_AR='ar'
ac_ct_CC=''
ac_ct_DUMPBIN=''
bindir='${exec_prefix}/bin'
build='i686-pc-linux-gnu'
build_alias=''
build_cpu='i686'
build_os='linux-gnu'
build_vendor='pc'
datadir='${datarootdir}'
datarootdir='${prefix}/share'
docdir='${datarootdir}/doc/${PACKAGE}'
dvidir='${docdir}'
exec_prefix='$(prefix)'
host='i686-pc-linux-gnu'
host_alias='i686-pc-linux-gnu'
host_cpu='i686'
host_os='linux-gnu'
host_vendor='pc'
htmldir='${docdir}'
includedir='${prefix}/include'
infodir='${datarootdir}/info'
libdir='${exec_prefix}/lib'
libexecdir='${exec_prefix}/libexec'
localedir='${datarootdir}/locale'
localstatedir='${prefix}/var'
mandir='${datarootdir}/man'
oldincludedir='/usr/include'
pdfdir='${docdir}'
prefix='/usr'
program_transform_name='s,x,x,'
psdir='${docdir}'
sbindir='${exec_prefix}/sbin'
sharedstatedir='${prefix}/com'
sysconfdir='${prefix}/etc'
target='i686-pc-linux-gnu'
target_alias=''
target_cpu='i686'
target_os='linux-gnu'
target_vendor='pc'

## ----------- ##
## confdefs.h. ##
## ----------- ##

/* confdefs.h */
#define PACKAGE_NAME ""
#define PACKAGE_TARNAME ""
#define PACKAGE_VERSION ""
#define PACKAGE_STRING ""
#define PACKAGE_BUGREPORT ""
#define PACKAGE_URL ""
#define HAVE_PHALCON 1
#define COMPILE_DL_PHALCON 1
#define STDC_HEADERS 1
#define HAVE_SYS_TYPES_H 1
#define HAVE_SYS_STAT_H 1
#define HAVE_STDLIB_H 1
#define HAVE_STRING_H 1
#define HAVE_MEMORY_H 1
#define HAVE_STRINGS_H 1
#define HAVE_INTTYPES_H 1
#define HAVE_STDINT_H 1
#define HAVE_UNISTD_H 1
#define HAVE_DLFCN_H 1
#define LT_OBJDIR ".libs/"

configure: exit 0
